{"/Users/leekijung/likelion9th/nodejs/9.js/app.js": {"path":"/Users/leekijung/likelion9th/nodejs/9.js/app.js","statementMap":{"0":{"start":{"line":1,"column":16},"end":{"line":1,"column":34}},"1":{"start":{"line":2,"column":13},"end":{"line":2,"column":28}},"2":{"start":{"line":3,"column":21},"end":{"line":3,"column":45}},"3":{"start":{"line":4,"column":15},"end":{"line":4,"column":32}},"4":{"start":{"line":5,"column":16},"end":{"line":5,"column":42}},"5":{"start":{"line":6,"column":17},"end":{"line":6,"column":36}},"6":{"start":{"line":7,"column":15},"end":{"line":7,"column":32}},"7":{"start":{"line":8,"column":17},"end":{"line":8,"column":36}},"8":{"start":{"line":9,"column":22},"end":{"line":9,"column":41}},"9":{"start":{"line":11,"column":0},"end":{"line":11,"column":16}},"10":{"start":{"line":12,"column":19},"end":{"line":12,"column":43}},"11":{"start":{"line":13,"column":19},"end":{"line":13,"column":43}},"12":{"start":{"line":14,"column":19},"end":{"line":14,"column":43}},"13":{"start":{"line":15,"column":19},"end":{"line":15,"column":43}},"14":{"start":{"line":16,"column":23},"end":{"line":16,"column":44}},"15":{"start":{"line":18,"column":12},"end":{"line":18,"column":21}},"16":{"start":{"line":19,"column":0},"end":{"line":19,"column":17}},"17":{"start":{"line":20,"column":0},"end":{"line":20,"column":42}},"18":{"start":{"line":21,"column":0},"end":{"line":21,"column":31}},"19":{"start":{"line":22,"column":0},"end":{"line":25,"column":3}},"20":{"start":{"line":27,"column":0},"end":{"line":34,"column":5}},"21":{"start":{"line":30,"column":4},"end":{"line":30,"column":32}},"22":{"start":{"line":33,"column":4},"end":{"line":33,"column":23}},"23":{"start":{"line":36,"column":0},"end":{"line":36,"column":23}},"24":{"start":{"line":37,"column":0},"end":{"line":37,"column":56}},"25":{"start":{"line":38,"column":0},"end":{"line":38,"column":65}},"26":{"start":{"line":39,"column":0},"end":{"line":39,"column":24}},"27":{"start":{"line":40,"column":0},"end":{"line":40,"column":49}},"28":{"start":{"line":41,"column":0},"end":{"line":41,"column":49}},"29":{"start":{"line":42,"column":0},"end":{"line":52,"column":2}},"30":{"start":{"line":54,"column":0},"end":{"line":54,"column":31}},"31":{"start":{"line":55,"column":0},"end":{"line":55,"column":28}},"32":{"start":{"line":57,"column":0},"end":{"line":57,"column":29}},"33":{"start":{"line":58,"column":0},"end":{"line":58,"column":29}},"34":{"start":{"line":59,"column":0},"end":{"line":59,"column":29}},"35":{"start":{"line":60,"column":0},"end":{"line":60,"column":25}},"36":{"start":{"line":62,"column":0},"end":{"line":66,"column":3}},"37":{"start":{"line":63,"column":16},"end":{"line":63,"column":64}},"38":{"start":{"line":64,"column":2},"end":{"line":64,"column":21}},"39":{"start":{"line":65,"column":2},"end":{"line":65,"column":12}},"40":{"start":{"line":68,"column":0},"end":{"line":73,"column":3}},"41":{"start":{"line":69,"column":2},"end":{"line":69,"column":35}},"42":{"start":{"line":70,"column":2},"end":{"line":70,"column":70}},"43":{"start":{"line":71,"column":2},"end":{"line":71,"column":32}},"44":{"start":{"line":72,"column":2},"end":{"line":72,"column":22}},"45":{"start":{"line":75,"column":0},"end":{"line":75,"column":21}}},"fnMap":{"0":{"name":"(anonymous_0)","decl":{"start":{"line":29,"column":8},"end":{"line":29,"column":9}},"loc":{"start":{"line":29,"column":14},"end":{"line":31,"column":3}},"line":29},"1":{"name":"(anonymous_1)","decl":{"start":{"line":32,"column":9},"end":{"line":32,"column":10}},"loc":{"start":{"line":32,"column":18},"end":{"line":34,"column":3}},"line":32},"2":{"name":"(anonymous_2)","decl":{"start":{"line":62,"column":8},"end":{"line":62,"column":9}},"loc":{"start":{"line":62,"column":28},"end":{"line":66,"column":1}},"line":62},"3":{"name":"(anonymous_3)","decl":{"start":{"line":68,"column":8},"end":{"line":68,"column":9}},"loc":{"start":{"line":68,"column":33},"end":{"line":73,"column":1}},"line":68}},"branchMap":{"0":{"loc":{"start":{"line":20,"column":16},"end":{"line":20,"column":40}},"type":"binary-expr","locations":[{"start":{"line":20,"column":16},"end":{"line":20,"column":32}},{"start":{"line":20,"column":36},"end":{"line":20,"column":40}}],"line":20},"1":{"loc":{"start":{"line":70,"column":21},"end":{"line":70,"column":69}},"type":"cond-expr","locations":[{"start":{"line":70,"column":61},"end":{"line":70,"column":64}},{"start":{"line":70,"column":67},"end":{"line":70,"column":69}}],"line":70},"2":{"loc":{"start":{"line":71,"column":13},"end":{"line":71,"column":30}},"type":"binary-expr","locations":[{"start":{"line":71,"column":13},"end":{"line":71,"column":23}},{"start":{"line":71,"column":27},"end":{"line":71,"column":30}}],"line":71}},"s":{"0":2,"1":2,"2":2,"3":2,"4":2,"5":2,"6":2,"7":2,"8":2,"9":2,"10":2,"11":2,"12":2,"13":2,"14":2,"15":2,"16":2,"17":2,"18":2,"19":2,"20":2,"21":2,"22":0,"23":2,"24":2,"25":2,"26":2,"27":2,"28":2,"29":2,"30":2,"31":2,"32":2,"33":2,"34":2,"35":2,"36":2,"37":0,"38":0,"39":0,"40":2,"41":0,"42":0,"43":0,"44":0,"45":2},"f":{"0":2,"1":0,"2":0,"3":0},"b":{"0":[2,2],"1":[0,0],"2":[0,0]},"_coverageSchema":"1a1c01bbd47fc00a2c39e90264f33305004495a9","hash":"95c540db34aa48170aeee9e06e0c67fe5af7234c"}
,"/Users/leekijung/likelion9th/nodejs/9.js/controllers/user.js": {"path":"/Users/leekijung/likelion9th/nodejs/9.js/controllers/user.js","statementMap":{"0":{"start":{"line":1,"column":13},"end":{"line":1,"column":38}},"1":{"start":{"line":3,"column":0},"end":{"line":17,"column":2}},"2":{"start":{"line":4,"column":2},"end":{"line":16,"column":3}},"3":{"start":{"line":5,"column":17},"end":{"line":5,"column":67}},"4":{"start":{"line":7,"column":4},"end":{"line":12,"column":5}},"5":{"start":{"line":8,"column":6},"end":{"line":8,"column":59}},"6":{"start":{"line":9,"column":6},"end":{"line":9,"column":26}},"7":{"start":{"line":11,"column":6},"end":{"line":11,"column":38}},"8":{"start":{"line":14,"column":4},"end":{"line":14,"column":23}},"9":{"start":{"line":15,"column":4},"end":{"line":15,"column":14}},"10":{"start":{"line":19,"column":0},"end":{"line":33,"column":2}},"11":{"start":{"line":20,"column":2},"end":{"line":32,"column":3}},"12":{"start":{"line":21,"column":17},"end":{"line":21,"column":67}},"13":{"start":{"line":23,"column":4},"end":{"line":28,"column":5}},"14":{"start":{"line":24,"column":6},"end":{"line":24,"column":62}},"15":{"start":{"line":25,"column":6},"end":{"line":25,"column":26}},"16":{"start":{"line":27,"column":6},"end":{"line":27,"column":38}},"17":{"start":{"line":30,"column":4},"end":{"line":30,"column":23}},"18":{"start":{"line":31,"column":4},"end":{"line":31,"column":14}},"19":{"start":{"line":35,"column":0},"end":{"line":46,"column":2}},"20":{"start":{"line":36,"column":2},"end":{"line":45,"column":3}},"21":{"start":{"line":37,"column":19},"end":{"line":40,"column":5}},"22":{"start":{"line":41,"column":4},"end":{"line":41,"column":21}},"23":{"start":{"line":43,"column":4},"end":{"line":43,"column":23}},"24":{"start":{"line":44,"column":4},"end":{"line":44,"column":14}}},"fnMap":{"0":{"name":"(anonymous_0)","decl":{"start":{"line":3,"column":23},"end":{"line":3,"column":24}},"loc":{"start":{"line":3,"column":49},"end":{"line":17,"column":1}},"line":3},"1":{"name":"(anonymous_1)","decl":{"start":{"line":19,"column":26},"end":{"line":19,"column":27}},"loc":{"start":{"line":19,"column":52},"end":{"line":33,"column":1}},"line":19},"2":{"name":"(anonymous_2)","decl":{"start":{"line":35,"column":21},"end":{"line":35,"column":22}},"loc":{"start":{"line":35,"column":47},"end":{"line":46,"column":1}},"line":35}},"branchMap":{"0":{"loc":{"start":{"line":7,"column":4},"end":{"line":12,"column":5}},"type":"if","locations":[{"start":{"line":7,"column":4},"end":{"line":12,"column":5}},{"start":{"line":7,"column":4},"end":{"line":12,"column":5}}],"line":7},"1":{"loc":{"start":{"line":23,"column":4},"end":{"line":28,"column":5}},"type":"if","locations":[{"start":{"line":23,"column":4},"end":{"line":28,"column":5}},{"start":{"line":23,"column":4},"end":{"line":28,"column":5}}],"line":23}},"s":{"0":3,"1":3,"2":3,"3":3,"4":2,"5":1,"6":1,"7":1,"8":1,"9":1,"10":3,"11":3,"12":3,"13":2,"14":1,"15":1,"16":1,"17":1,"18":1,"19":3,"20":2,"21":2,"22":1,"23":1,"24":1},"f":{"0":3,"1":3,"2":2},"b":{"0":[1,1],"1":[1,1]},"_coverageSchema":"1a1c01bbd47fc00a2c39e90264f33305004495a9","hash":"3530faf5c716a7ea4e39c455965391ffd297944a"}
,"/Users/leekijung/likelion9th/nodejs/9.js/models/hashtag.js": {"path":"/Users/leekijung/likelion9th/nodejs/9.js/models/hashtag.js","statementMap":{"0":{"start":{"line":1,"column":18},"end":{"line":1,"column":38}},"1":{"start":{"line":3,"column":0},"end":{"line":29,"column":2}},"2":{"start":{"line":5,"column":4},"end":{"line":23,"column":6}},"3":{"start":{"line":27,"column":4},"end":{"line":27,"column":66}}},"fnMap":{"0":{"name":"(anonymous_0)","decl":{"start":{"line":4,"column":2},"end":{"line":4,"column":3}},"loc":{"start":{"line":4,"column":25},"end":{"line":24,"column":3}},"line":4},"1":{"name":"(anonymous_1)","decl":{"start":{"line":26,"column":2},"end":{"line":26,"column":3}},"loc":{"start":{"line":26,"column":23},"end":{"line":28,"column":3}},"line":26}},"branchMap":{},"s":{"0":3,"1":3,"2":3,"3":3},"f":{"0":3,"1":3},"b":{},"_coverageSchema":"1a1c01bbd47fc00a2c39e90264f33305004495a9","hash":"638ed4974157b3df9aa95a1930ba4106df71171b"}
,"/Users/leekijung/likelion9th/nodejs/9.js/models/index.js": {"path":"/Users/leekijung/likelion9th/nodejs/9.js/models/index.js","statementMap":{"0":{"start":{"line":1,"column":18},"end":{"line":1,"column":38}},"1":{"start":{"line":2,"column":13},"end":{"line":2,"column":30}},"2":{"start":{"line":3,"column":13},"end":{"line":3,"column":30}},"3":{"start":{"line":4,"column":16},"end":{"line":4,"column":36}},"4":{"start":{"line":6,"column":12},"end":{"line":6,"column":49}},"5":{"start":{"line":7,"column":15},"end":{"line":7,"column":47}},"6":{"start":{"line":8,"column":11},"end":{"line":8,"column":13}},"7":{"start":{"line":10,"column":18},"end":{"line":15,"column":1}},"8":{"start":{"line":17,"column":0},"end":{"line":17,"column":25}},"9":{"start":{"line":18,"column":0},"end":{"line":18,"column":15}},"10":{"start":{"line":19,"column":0},"end":{"line":19,"column":15}},"11":{"start":{"line":20,"column":0},"end":{"line":20,"column":21}},"12":{"start":{"line":22,"column":0},"end":{"line":22,"column":21}},"13":{"start":{"line":23,"column":0},"end":{"line":23,"column":21}},"14":{"start":{"line":24,"column":0},"end":{"line":24,"column":24}},"15":{"start":{"line":26,"column":0},"end":{"line":26,"column":19}},"16":{"start":{"line":27,"column":0},"end":{"line":27,"column":19}},"17":{"start":{"line":28,"column":0},"end":{"line":28,"column":22}},"18":{"start":{"line":30,"column":0},"end":{"line":30,"column":20}}},"fnMap":{},"branchMap":{"0":{"loc":{"start":{"line":6,"column":12},"end":{"line":6,"column":49}},"type":"binary-expr","locations":[{"start":{"line":6,"column":12},"end":{"line":6,"column":32}},{"start":{"line":6,"column":36},"end":{"line":6,"column":49}}],"line":6}},"s":{"0":2,"1":2,"2":2,"3":2,"4":2,"5":2,"6":2,"7":2,"8":2,"9":2,"10":2,"11":2,"12":2,"13":2,"14":2,"15":2,"16":2,"17":2,"18":2},"f":{},"b":{"0":[2,0]},"_coverageSchema":"1a1c01bbd47fc00a2c39e90264f33305004495a9","hash":"885249a6c9e32ded18ca3df399ed3c73f9fbb410"}
,"/Users/leekijung/likelion9th/nodejs/9.js/models/post.js": {"path":"/Users/leekijung/likelion9th/nodejs/9.js/models/post.js","statementMap":{"0":{"start":{"line":1,"column":18},"end":{"line":1,"column":38}},"1":{"start":{"line":3,"column":0},"end":{"line":37,"column":2}},"2":{"start":{"line":5,"column":4},"end":{"line":26,"column":6}},"3":{"start":{"line":30,"column":4},"end":{"line":30,"column":31}},"4":{"start":{"line":31,"column":4},"end":{"line":31,"column":66}},"5":{"start":{"line":32,"column":4},"end":{"line":35,"column":7}}},"fnMap":{"0":{"name":"(anonymous_0)","decl":{"start":{"line":4,"column":2},"end":{"line":4,"column":3}},"loc":{"start":{"line":4,"column":25},"end":{"line":27,"column":3}},"line":4},"1":{"name":"(anonymous_1)","decl":{"start":{"line":29,"column":2},"end":{"line":29,"column":3}},"loc":{"start":{"line":29,"column":23},"end":{"line":36,"column":3}},"line":29}},"branchMap":{},"s":{"0":3,"1":3,"2":3,"3":3,"4":3,"5":3},"f":{"0":3,"1":3},"b":{},"_coverageSchema":"1a1c01bbd47fc00a2c39e90264f33305004495a9","hash":"509cdc48d2f0d9be1f9282da80904838fb0c29e0"}
,"/Users/leekijung/likelion9th/nodejs/9.js/models/user.js": {"path":"/Users/leekijung/likelion9th/nodejs/9.js/models/user.js","statementMap":{"0":{"start":{"line":1,"column":18},"end":{"line":1,"column":38}},"1":{"start":{"line":3,"column":0},"end":{"line":59,"column":2}},"2":{"start":{"line":5,"column":4},"end":{"line":40,"column":6}},"3":{"start":{"line":44,"column":4},"end":{"line":44,"column":29}},"4":{"start":{"line":45,"column":4},"end":{"line":49,"column":7}},"5":{"start":{"line":50,"column":4},"end":{"line":54,"column":7}},"6":{"start":{"line":55,"column":4},"end":{"line":57,"column":7}}},"fnMap":{"0":{"name":"(anonymous_0)","decl":{"start":{"line":4,"column":2},"end":{"line":4,"column":3}},"loc":{"start":{"line":4,"column":25},"end":{"line":41,"column":3}},"line":4},"1":{"name":"(anonymous_1)","decl":{"start":{"line":43,"column":2},"end":{"line":43,"column":3}},"loc":{"start":{"line":43,"column":23},"end":{"line":58,"column":3}},"line":43}},"branchMap":{},"s":{"0":4,"1":4,"2":3,"3":3,"4":3,"5":3,"6":3},"f":{"0":3,"1":3},"b":{},"_coverageSchema":"1a1c01bbd47fc00a2c39e90264f33305004495a9","hash":"f21442a3cbd76ca89454e98063e0673059bf33f7"}
,"/Users/leekijung/likelion9th/nodejs/9.js/passport/index.js": {"path":"/Users/leekijung/likelion9th/nodejs/9.js/passport/index.js","statementMap":{"0":{"start":{"line":1,"column":17},"end":{"line":1,"column":36}},"1":{"start":{"line":2,"column":14},"end":{"line":2,"column":40}},"2":{"start":{"line":3,"column":14},"end":{"line":3,"column":40}},"3":{"start":{"line":4,"column":13},"end":{"line":4,"column":38}},"4":{"start":{"line":6,"column":12},"end":{"line":6,"column":14}},"5":{"start":{"line":7,"column":17},"end":{"line":7,"column":19}},"6":{"start":{"line":9,"column":0},"end":{"line":48,"column":2}},"7":{"start":{"line":10,"column":2},"end":{"line":13,"column":5}},"8":{"start":{"line":12,"column":4},"end":{"line":12,"column":24}},"9":{"start":{"line":15,"column":2},"end":{"line":44,"column":5}},"10":{"start":{"line":17,"column":17},"end":{"line":17,"column":26}},"11":{"start":{"line":18,"column":17},"end":{"line":18,"column":31}},"12":{"start":{"line":19,"column":4},"end":{"line":43,"column":5}},"13":{"start":{"line":20,"column":6},"end":{"line":40,"column":35}},"14":{"start":{"line":36,"column":10},"end":{"line":36,"column":27}},"15":{"start":{"line":37,"column":10},"end":{"line":37,"column":45}},"16":{"start":{"line":38,"column":10},"end":{"line":38,"column":27}},"17":{"start":{"line":40,"column":24},"end":{"line":40,"column":33}},"18":{"start":{"line":42,"column":6},"end":{"line":42,"column":23}},"19":{"start":{"line":46,"column":2},"end":{"line":46,"column":10}},"20":{"start":{"line":47,"column":2},"end":{"line":47,"column":10}}},"fnMap":{"0":{"name":"(anonymous_0)","decl":{"start":{"line":9,"column":17},"end":{"line":9,"column":18}},"loc":{"start":{"line":9,"column":23},"end":{"line":48,"column":1}},"line":9},"1":{"name":"(anonymous_1)","decl":{"start":{"line":10,"column":25},"end":{"line":10,"column":26}},"loc":{"start":{"line":10,"column":41},"end":{"line":13,"column":3}},"line":10},"2":{"name":"(anonymous_2)","decl":{"start":{"line":15,"column":27},"end":{"line":15,"column":28}},"loc":{"start":{"line":15,"column":41},"end":{"line":44,"column":3}},"line":15},"3":{"name":"(anonymous_3)","decl":{"start":{"line":35,"column":14},"end":{"line":35,"column":15}},"loc":{"start":{"line":35,"column":24},"end":{"line":39,"column":9}},"line":35},"4":{"name":"(anonymous_4)","decl":{"start":{"line":40,"column":15},"end":{"line":40,"column":16}},"loc":{"start":{"line":40,"column":24},"end":{"line":40,"column":33}},"line":40}},"branchMap":{"0":{"loc":{"start":{"line":19,"column":4},"end":{"line":43,"column":5}},"type":"if","locations":[{"start":{"line":19,"column":4},"end":{"line":43,"column":5}},{"start":{"line":19,"column":4},"end":{"line":43,"column":5}}],"line":19},"1":{"loc":{"start":{"line":19,"column":8},"end":{"line":19,"column":43}},"type":"binary-expr","locations":[{"start":{"line":19,"column":8},"end":{"line":19,"column":13}},{"start":{"line":19,"column":17},"end":{"line":19,"column":22}},{"start":{"line":19,"column":26},"end":{"line":19,"column":43}}],"line":19}},"s":{"0":2,"1":2,"2":2,"3":2,"4":2,"5":2,"6":2,"7":2,"8":4,"9":2,"10":5,"11":5,"12":5,"13":2,"14":2,"15":2,"16":2,"17":0,"18":3,"19":2,"20":2},"f":{"0":2,"1":4,"2":5,"3":2,"4":0},"b":{"0":[2,3],"1":[5,3,3]},"_coverageSchema":"1a1c01bbd47fc00a2c39e90264f33305004495a9","hash":"8bdb1bcc8dbab04a5e2cb2c6b0b42492b762ff91"}
,"/Users/leekijung/likelion9th/nodejs/9.js/passport/kakaoStrategy.js": {"path":"/Users/leekijung/likelion9th/nodejs/9.js/passport/kakaoStrategy.js","statementMap":{"0":{"start":{"line":1,"column":17},"end":{"line":1,"column":36}},"1":{"start":{"line":2,"column":22},"end":{"line":2,"column":56}},"2":{"start":{"line":4,"column":13},"end":{"line":4,"column":38}},"3":{"start":{"line":6,"column":0},"end":{"line":37,"column":2}},"4":{"start":{"line":7,"column":2},"end":{"line":36,"column":4}},"5":{"start":{"line":14,"column":8},"end":{"line":14,"column":46}},"6":{"start":{"line":15,"column":8},"end":{"line":33,"column":9}},"7":{"start":{"line":16,"column":25},"end":{"line":18,"column":12}},"8":{"start":{"line":19,"column":10},"end":{"line":29,"column":11}},"9":{"start":{"line":20,"column":12},"end":{"line":20,"column":31}},"10":{"start":{"line":22,"column":28},"end":{"line":27,"column":14}},"11":{"start":{"line":28,"column":12},"end":{"line":28,"column":32}},"12":{"start":{"line":31,"column":10},"end":{"line":31,"column":29}},"13":{"start":{"line":32,"column":10},"end":{"line":32,"column":20}}},"fnMap":{"0":{"name":"(anonymous_0)","decl":{"start":{"line":6,"column":17},"end":{"line":6,"column":18}},"loc":{"start":{"line":6,"column":23},"end":{"line":37,"column":1}},"line":6},"1":{"name":"(anonymous_1)","decl":{"start":{"line":13,"column":6},"end":{"line":13,"column":7}},"loc":{"start":{"line":13,"column":58},"end":{"line":34,"column":7}},"line":13}},"branchMap":{"0":{"loc":{"start":{"line":19,"column":10},"end":{"line":29,"column":11}},"type":"if","locations":[{"start":{"line":19,"column":10},"end":{"line":29,"column":11}},{"start":{"line":19,"column":10},"end":{"line":29,"column":11}}],"line":19},"1":{"loc":{"start":{"line":23,"column":21},"end":{"line":23,"column":71}},"type":"binary-expr","locations":[{"start":{"line":23,"column":21},"end":{"line":23,"column":34}},{"start":{"line":23,"column":38},"end":{"line":23,"column":71}}],"line":23}},"s":{"0":2,"1":2,"2":2,"3":2,"4":2,"5":0,"6":0,"7":0,"8":0,"9":0,"10":0,"11":0,"12":0,"13":0},"f":{"0":2,"1":0},"b":{"0":[0,0],"1":[0,0]},"_coverageSchema":"1a1c01bbd47fc00a2c39e90264f33305004495a9","hash":"b3444563bfb86be80cc0ed13a5e26f05a2e56e47"}
,"/Users/leekijung/likelion9th/nodejs/9.js/passport/localStrategy.js": {"path":"/Users/leekijung/likelion9th/nodejs/9.js/passport/localStrategy.js","statementMap":{"0":{"start":{"line":1,"column":17},"end":{"line":1,"column":36}},"1":{"start":{"line":2,"column":22},"end":{"line":2,"column":56}},"2":{"start":{"line":3,"column":15},"end":{"line":3,"column":32}},"3":{"start":{"line":5,"column":13},"end":{"line":5,"column":38}},"4":{"start":{"line":7,"column":0},"end":{"line":34,"column":2}},"5":{"start":{"line":8,"column":2},"end":{"line":33,"column":4}},"6":{"start":{"line":15,"column":8},"end":{"line":30,"column":9}},"7":{"start":{"line":16,"column":25},"end":{"line":16,"column":65}},"8":{"start":{"line":17,"column":10},"end":{"line":26,"column":11}},"9":{"start":{"line":18,"column":27},"end":{"line":18,"column":74}},"10":{"start":{"line":19,"column":12},"end":{"line":23,"column":13}},"11":{"start":{"line":20,"column":14},"end":{"line":20,"column":33}},"12":{"start":{"line":22,"column":14},"end":{"line":22,"column":65}},"13":{"start":{"line":25,"column":12},"end":{"line":25,"column":61}},"14":{"start":{"line":28,"column":10},"end":{"line":28,"column":29}},"15":{"start":{"line":29,"column":10},"end":{"line":29,"column":20}}},"fnMap":{"0":{"name":"(anonymous_0)","decl":{"start":{"line":7,"column":17},"end":{"line":7,"column":18}},"loc":{"start":{"line":7,"column":23},"end":{"line":34,"column":1}},"line":7},"1":{"name":"(anonymous_1)","decl":{"start":{"line":14,"column":6},"end":{"line":14,"column":7}},"loc":{"start":{"line":14,"column":39},"end":{"line":31,"column":7}},"line":14}},"branchMap":{"0":{"loc":{"start":{"line":17,"column":10},"end":{"line":26,"column":11}},"type":"if","locations":[{"start":{"line":17,"column":10},"end":{"line":26,"column":11}},{"start":{"line":17,"column":10},"end":{"line":26,"column":11}}],"line":17},"1":{"loc":{"start":{"line":19,"column":12},"end":{"line":23,"column":13}},"type":"if","locations":[{"start":{"line":19,"column":12},"end":{"line":23,"column":13}},{"start":{"line":19,"column":12},"end":{"line":23,"column":13}}],"line":19}},"s":{"0":2,"1":2,"2":2,"3":2,"4":2,"5":2,"6":6,"7":6,"8":6,"9":5,"10":5,"11":4,"12":1,"13":1,"14":0,"15":0},"f":{"0":2,"1":6},"b":{"0":[5,1],"1":[4,1]},"_coverageSchema":"1a1c01bbd47fc00a2c39e90264f33305004495a9","hash":"efe18cdc9ff7939c8b175aa0b63dd8d3dd02bc1f"}
,"/Users/leekijung/likelion9th/nodejs/9.js/routes/auth.js": {"path":"/Users/leekijung/likelion9th/nodejs/9.js/routes/auth.js","statementMap":{"0":{"start":{"line":1,"column":16},"end":{"line":1,"column":34}},"1":{"start":{"line":2,"column":17},"end":{"line":2,"column":36}},"2":{"start":{"line":3,"column":15},"end":{"line":3,"column":32}},"3":{"start":{"line":4,"column":38},"end":{"line":4,"column":62}},"4":{"start":{"line":5,"column":13},"end":{"line":5,"column":38}},"5":{"start":{"line":7,"column":15},"end":{"line":7,"column":31}},"6":{"start":{"line":9,"column":0},"end":{"line":23,"column":3}},"7":{"start":{"line":10,"column":36},"end":{"line":10,"column":44}},"8":{"start":{"line":11,"column":2},"end":{"line":22,"column":3}},"9":{"start":{"line":12,"column":19},"end":{"line":12,"column":59}},"10":{"start":{"line":13,"column":4},"end":{"line":15,"column":5}},"11":{"start":{"line":14,"column":6},"end":{"line":14,"column":47}},"12":{"start":{"line":16,"column":17},"end":{"line":16,"column":48}},"13":{"start":{"line":17,"column":4},"end":{"line":17,"column":55}},"14":{"start":{"line":18,"column":4},"end":{"line":18,"column":29}},"15":{"start":{"line":20,"column":4},"end":{"line":20,"column":23}},"16":{"start":{"line":21,"column":4},"end":{"line":21,"column":21}},"17":{"start":{"line":25,"column":0},"end":{"line":42,"column":3}},"18":{"start":{"line":26,"column":2},"end":{"line":41,"column":21}},"19":{"start":{"line":27,"column":4},"end":{"line":30,"column":5}},"20":{"start":{"line":28,"column":6},"end":{"line":28,"column":31}},"21":{"start":{"line":29,"column":6},"end":{"line":29,"column":29}},"22":{"start":{"line":31,"column":4},"end":{"line":33,"column":5}},"23":{"start":{"line":32,"column":6},"end":{"line":32,"column":58}},"24":{"start":{"line":34,"column":4},"end":{"line":40,"column":7}},"25":{"start":{"line":35,"column":6},"end":{"line":38,"column":7}},"26":{"start":{"line":36,"column":8},"end":{"line":36,"column":34}},"27":{"start":{"line":37,"column":8},"end":{"line":37,"column":32}},"28":{"start":{"line":39,"column":6},"end":{"line":39,"column":24}},"29":{"start":{"line":44,"column":0},"end":{"line":49,"column":3}},"30":{"start":{"line":45,"column":2},"end":{"line":48,"column":5}},"31":{"start":{"line":46,"column":4},"end":{"line":46,"column":17}},"32":{"start":{"line":47,"column":4},"end":{"line":47,"column":22}},"33":{"start":{"line":51,"column":0},"end":{"line":51,"column":53}},"34":{"start":{"line":52,"column":0},"end":{"line":60,"column":2}},"35":{"start":{"line":58,"column":4},"end":{"line":58,"column":22}},"36":{"start":{"line":62,"column":0},"end":{"line":62,"column":24}}},"fnMap":{"0":{"name":"(anonymous_0)","decl":{"start":{"line":9,"column":36},"end":{"line":9,"column":37}},"loc":{"start":{"line":9,"column":62},"end":{"line":23,"column":1}},"line":9},"1":{"name":"(anonymous_1)","decl":{"start":{"line":25,"column":37},"end":{"line":25,"column":38}},"loc":{"start":{"line":25,"column":57},"end":{"line":42,"column":1}},"line":25},"2":{"name":"(anonymous_2)","decl":{"start":{"line":26,"column":33},"end":{"line":26,"column":34}},"loc":{"start":{"line":26,"column":60},"end":{"line":41,"column":3}},"line":26},"3":{"name":"(anonymous_3)","decl":{"start":{"line":34,"column":27},"end":{"line":34,"column":28}},"loc":{"start":{"line":34,"column":43},"end":{"line":40,"column":5}},"line":34},"4":{"name":"(anonymous_4)","decl":{"start":{"line":44,"column":34},"end":{"line":44,"column":35}},"loc":{"start":{"line":44,"column":54},"end":{"line":49,"column":1}},"line":44},"5":{"name":"(anonymous_5)","decl":{"start":{"line":45,"column":22},"end":{"line":45,"column":23}},"loc":{"start":{"line":45,"column":31},"end":{"line":48,"column":3}},"line":45},"6":{"name":"(anonymous_6)","decl":{"start":{"line":57,"column":2},"end":{"line":57,"column":3}},"loc":{"start":{"line":57,"column":16},"end":{"line":59,"column":3}},"line":57}},"branchMap":{"0":{"loc":{"start":{"line":13,"column":4},"end":{"line":15,"column":5}},"type":"if","locations":[{"start":{"line":13,"column":4},"end":{"line":15,"column":5}},{"start":{"line":13,"column":4},"end":{"line":15,"column":5}}],"line":13},"1":{"loc":{"start":{"line":27,"column":4},"end":{"line":30,"column":5}},"type":"if","locations":[{"start":{"line":27,"column":4},"end":{"line":30,"column":5}},{"start":{"line":27,"column":4},"end":{"line":30,"column":5}}],"line":27},"2":{"loc":{"start":{"line":31,"column":4},"end":{"line":33,"column":5}},"type":"if","locations":[{"start":{"line":31,"column":4},"end":{"line":33,"column":5}},{"start":{"line":31,"column":4},"end":{"line":33,"column":5}}],"line":31},"3":{"loc":{"start":{"line":35,"column":6},"end":{"line":38,"column":7}},"type":"if","locations":[{"start":{"line":35,"column":6},"end":{"line":38,"column":7}},{"start":{"line":35,"column":6},"end":{"line":38,"column":7}}],"line":35}},"s":{"0":2,"1":2,"2":2,"3":2,"4":2,"5":2,"6":2,"7":1,"8":1,"9":1,"10":1,"11":0,"12":1,"13":1,"14":1,"15":0,"16":0,"17":2,"18":6,"19":6,"20":0,"21":0,"22":6,"23":2,"24":4,"25":4,"26":0,"27":0,"28":4,"29":2,"30":1,"31":1,"32":1,"33":2,"34":2,"35":0,"36":2},"f":{"0":1,"1":6,"2":6,"3":4,"4":1,"5":1,"6":0},"b":{"0":[0,1],"1":[0,6],"2":[2,4],"3":[0,4]},"_coverageSchema":"1a1c01bbd47fc00a2c39e90264f33305004495a9","hash":"77e08ec69a84860f55d92677e9a077aeb9877d14"}
,"/Users/leekijung/likelion9th/nodejs/9.js/routes/middlewares.js": {"path":"/Users/leekijung/likelion9th/nodejs/9.js/routes/middlewares.js","statementMap":{"0":{"start":{"line":1,"column":0},"end":{"line":7,"column":2}},"1":{"start":{"line":2,"column":2},"end":{"line":6,"column":3}},"2":{"start":{"line":3,"column":4},"end":{"line":3,"column":11}},"3":{"start":{"line":5,"column":4},"end":{"line":5,"column":35}},"4":{"start":{"line":9,"column":0},"end":{"line":16,"column":2}},"5":{"start":{"line":10,"column":2},"end":{"line":15,"column":3}},"6":{"start":{"line":11,"column":4},"end":{"line":11,"column":11}},"7":{"start":{"line":13,"column":20},"end":{"line":13,"column":53}},"8":{"start":{"line":14,"column":4},"end":{"line":14,"column":39}}},"fnMap":{"0":{"name":"(anonymous_0)","decl":{"start":{"line":1,"column":21},"end":{"line":1,"column":22}},"loc":{"start":{"line":1,"column":41},"end":{"line":7,"column":1}},"line":1},"1":{"name":"(anonymous_1)","decl":{"start":{"line":9,"column":24},"end":{"line":9,"column":25}},"loc":{"start":{"line":9,"column":44},"end":{"line":16,"column":1}},"line":9}},"branchMap":{"0":{"loc":{"start":{"line":2,"column":2},"end":{"line":6,"column":3}},"type":"if","locations":[{"start":{"line":2,"column":2},"end":{"line":6,"column":3}},{"start":{"line":2,"column":2},"end":{"line":6,"column":3}}],"line":2},"1":{"loc":{"start":{"line":10,"column":2},"end":{"line":15,"column":3}},"type":"if","locations":[{"start":{"line":10,"column":2},"end":{"line":15,"column":3}},{"start":{"line":10,"column":2},"end":{"line":15,"column":3}}],"line":10}},"s":{"0":3,"1":10,"2":3,"3":7,"4":3,"5":13,"6":9,"7":4,"8":4},"f":{"0":10,"1":13},"b":{"0":[3,7],"1":[9,4]},"_coverageSchema":"1a1c01bbd47fc00a2c39e90264f33305004495a9","hash":"ad46598e567f73a82f2594e79c8bba641b0ff18c"}
,"/Users/leekijung/likelion9th/nodejs/9.js/routes/page.js": {"path":"/Users/leekijung/likelion9th/nodejs/9.js/routes/page.js","statementMap":{"0":{"start":{"line":1,"column":16},"end":{"line":1,"column":34}},"1":{"start":{"line":2,"column":38},"end":{"line":2,"column":62}},"2":{"start":{"line":3,"column":32},"end":{"line":3,"column":52}},"3":{"start":{"line":5,"column":15},"end":{"line":5,"column":31}},"4":{"start":{"line":7,"column":0},"end":{"line":15,"column":3}},"5":{"start":{"line":8,"column":2},"end":{"line":8,"column":29}},"6":{"start":{"line":9,"column":2},"end":{"line":9,"column":70}},"7":{"start":{"line":10,"column":2},"end":{"line":10,"column":72}},"8":{"start":{"line":11,"column":2},"end":{"line":13,"column":9}},"9":{"start":{"line":12,"column":37},"end":{"line":12,"column":41}},"10":{"start":{"line":14,"column":2},"end":{"line":14,"column":9}},"11":{"start":{"line":17,"column":0},"end":{"line":19,"column":3}},"12":{"start":{"line":18,"column":2},"end":{"line":18,"column":54}},"13":{"start":{"line":21,"column":0},"end":{"line":23,"column":3}},"14":{"start":{"line":22,"column":2},"end":{"line":22,"column":51}},"15":{"start":{"line":25,"column":0},"end":{"line":54,"column":3}},"16":{"start":{"line":26,"column":2},"end":{"line":53,"column":3}},"17":{"start":{"line":27,"column":18},"end":{"line":40,"column":6}},"18":{"start":{"line":42,"column":4},"end":{"line":47,"column":7}},"19":{"start":{"line":43,"column":6},"end":{"line":43,"column":41}},"20":{"start":{"line":44,"column":6},"end":{"line":46,"column":22}},"21":{"start":{"line":45,"column":33},"end":{"line":45,"column":53}},"22":{"start":{"line":49,"column":4},"end":{"line":49,"column":60}},"23":{"start":{"line":51,"column":4},"end":{"line":51,"column":23}},"24":{"start":{"line":52,"column":4},"end":{"line":52,"column":14}},"25":{"start":{"line":56,"column":0},"end":{"line":79,"column":3}},"26":{"start":{"line":57,"column":16},"end":{"line":57,"column":33}},"27":{"start":{"line":58,"column":2},"end":{"line":60,"column":3}},"28":{"start":{"line":59,"column":4},"end":{"line":59,"column":29}},"29":{"start":{"line":61,"column":2},"end":{"line":78,"column":3}},"30":{"start":{"line":62,"column":20},"end":{"line":62,"column":70}},"31":{"start":{"line":63,"column":16},"end":{"line":63,"column":18}},"32":{"start":{"line":64,"column":4},"end":{"line":72,"column":5}},"33":{"start":{"line":65,"column":6},"end":{"line":71,"column":9}},"34":{"start":{"line":74,"column":4},"end":{"line":74,"column":71}},"35":{"start":{"line":76,"column":4},"end":{"line":76,"column":23}},"36":{"start":{"line":77,"column":4},"end":{"line":77,"column":21}},"37":{"start":{"line":81,"column":0},"end":{"line":81,"column":24}}},"fnMap":{"0":{"name":"(anonymous_0)","decl":{"start":{"line":7,"column":11},"end":{"line":7,"column":12}},"loc":{"start":{"line":7,"column":31},"end":{"line":15,"column":1}},"line":7},"1":{"name":"(anonymous_1)","decl":{"start":{"line":12,"column":30},"end":{"line":12,"column":31}},"loc":{"start":{"line":12,"column":37},"end":{"line":12,"column":41}},"line":12},"2":{"name":"(anonymous_2)","decl":{"start":{"line":17,"column":35},"end":{"line":17,"column":36}},"loc":{"start":{"line":17,"column":49},"end":{"line":19,"column":1}},"line":17},"3":{"name":"(anonymous_3)","decl":{"start":{"line":21,"column":35},"end":{"line":21,"column":36}},"loc":{"start":{"line":21,"column":49},"end":{"line":23,"column":1}},"line":21},"4":{"name":"(anonymous_4)","decl":{"start":{"line":25,"column":16},"end":{"line":25,"column":17}},"loc":{"start":{"line":25,"column":42},"end":{"line":54,"column":1}},"line":25},"5":{"name":"(anonymous_5)","decl":{"start":{"line":42,"column":14},"end":{"line":42,"column":15}},"loc":{"start":{"line":42,"column":24},"end":{"line":47,"column":5}},"line":42},"6":{"name":"(anonymous_6)","decl":{"start":{"line":45,"column":26},"end":{"line":45,"column":27}},"loc":{"start":{"line":45,"column":33},"end":{"line":45,"column":53}},"line":45},"7":{"name":"(anonymous_7)","decl":{"start":{"line":56,"column":23},"end":{"line":56,"column":24}},"loc":{"start":{"line":56,"column":49},"end":{"line":79,"column":1}},"line":56}},"branchMap":{"0":{"loc":{"start":{"line":9,"column":29},"end":{"line":9,"column":69}},"type":"cond-expr","locations":[{"start":{"line":9,"column":40},"end":{"line":9,"column":65}},{"start":{"line":9,"column":68},"end":{"line":9,"column":69}}],"line":9},"1":{"loc":{"start":{"line":10,"column":30},"end":{"line":10,"column":71}},"type":"cond-expr","locations":[{"start":{"line":10,"column":41},"end":{"line":10,"column":67}},{"start":{"line":10,"column":70},"end":{"line":10,"column":71}}],"line":10},"2":{"loc":{"start":{"line":11,"column":30},"end":{"line":13,"column":8}},"type":"cond-expr","locations":[{"start":{"line":12,"column":6},"end":{"line":12,"column":42}},{"start":{"line":13,"column":6},"end":{"line":13,"column":8}}],"line":11},"3":{"loc":{"start":{"line":44,"column":23},"end":{"line":46,"column":21}},"type":"cond-expr","locations":[{"start":{"line":45,"column":10},"end":{"line":45,"column":54}},{"start":{"line":46,"column":10},"end":{"line":46,"column":21}}],"line":44},"4":{"loc":{"start":{"line":58,"column":2},"end":{"line":60,"column":3}},"type":"if","locations":[{"start":{"line":58,"column":2},"end":{"line":60,"column":3}},{"start":{"line":58,"column":2},"end":{"line":60,"column":3}}],"line":58},"5":{"loc":{"start":{"line":64,"column":4},"end":{"line":72,"column":5}},"type":"if","locations":[{"start":{"line":64,"column":4},"end":{"line":72,"column":5}},{"start":{"line":64,"column":4},"end":{"line":72,"column":5}}],"line":64}},"s":{"0":2,"1":2,"2":2,"3":2,"4":2,"5":6,"6":6,"7":6,"8":6,"9":0,"10":6,"11":2,"12":1,"13":2,"14":1,"15":2,"16":1,"17":1,"18":1,"19":0,"20":0,"21":0,"22":1,"23":0,"24":0,"25":2,"26":2,"27":2,"28":1,"29":1,"30":1,"31":1,"32":1,"33":0,"34":1,"35":0,"36":0,"37":2},"f":{"0":6,"1":0,"2":1,"3":1,"4":1,"5":0,"6":0,"7":2},"b":{"0":[1,5],"1":[1,5],"2":[1,5],"3":[0,0],"4":[1,1],"5":[0,1]},"_coverageSchema":"1a1c01bbd47fc00a2c39e90264f33305004495a9","hash":"c2493c0d3c19933d6f660faaff8c50216e7a14ae"}
,"/Users/leekijung/likelion9th/nodejs/9.js/routes/post.js": {"path":"/Users/leekijung/likelion9th/nodejs/9.js/routes/post.js","statementMap":{"0":{"start":{"line":1,"column":16},"end":{"line":1,"column":34}},"1":{"start":{"line":2,"column":13},"end":{"line":2,"column":28}},"2":{"start":{"line":3,"column":15},"end":{"line":3,"column":32}},"3":{"start":{"line":4,"column":11},"end":{"line":4,"column":24}},"4":{"start":{"line":6,"column":26},"end":{"line":6,"column":46}},"5":{"start":{"line":7,"column":23},"end":{"line":7,"column":47}},"6":{"start":{"line":9,"column":15},"end":{"line":9,"column":31}},"7":{"start":{"line":11,"column":0},"end":{"line":16,"column":1}},"8":{"start":{"line":12,"column":2},"end":{"line":12,"column":28}},"9":{"start":{"line":14,"column":2},"end":{"line":14,"column":53}},"10":{"start":{"line":15,"column":2},"end":{"line":15,"column":26}},"11":{"start":{"line":18,"column":15},"end":{"line":29,"column":2}},"12":{"start":{"line":21,"column":6},"end":{"line":21,"column":27}},"13":{"start":{"line":24,"column":18},"end":{"line":24,"column":49}},"14":{"start":{"line":25,"column":6},"end":{"line":25,"column":73}},"15":{"start":{"line":31,"column":0},"end":{"line":33,"column":3}},"16":{"start":{"line":32,"column":2},"end":{"line":32,"column":49}},"17":{"start":{"line":35,"column":0},"end":{"line":65,"column":5}},"18":{"start":{"line":38,"column":4},"end":{"line":50,"column":5}},"19":{"start":{"line":39,"column":19},"end":{"line":39,"column":71}},"20":{"start":{"line":40,"column":6},"end":{"line":46,"column":7}},"21":{"start":{"line":41,"column":8},"end":{"line":41,"column":30}},"22":{"start":{"line":42,"column":8},"end":{"line":42,"column":41}},"23":{"start":{"line":43,"column":8},"end":{"line":43,"column":28}},"24":{"start":{"line":45,"column":8},"end":{"line":45,"column":40}},"25":{"start":{"line":48,"column":6},"end":{"line":48,"column":25}},"26":{"start":{"line":49,"column":6},"end":{"line":49,"column":16}},"27":{"start":{"line":53,"column":4},"end":{"line":64,"column":5}},"28":{"start":{"line":54,"column":19},"end":{"line":54,"column":71}},"29":{"start":{"line":55,"column":6},"end":{"line":60,"column":7}},"30":{"start":{"line":56,"column":8},"end":{"line":56,"column":44}},"31":{"start":{"line":57,"column":8},"end":{"line":57,"column":28}},"32":{"start":{"line":59,"column":8},"end":{"line":59,"column":40}},"33":{"start":{"line":62,"column":6},"end":{"line":62,"column":25}},"34":{"start":{"line":63,"column":6},"end":{"line":63,"column":16}},"35":{"start":{"line":67,"column":0},"end":{"line":75,"column":3}},"36":{"start":{"line":68,"column":2},"end":{"line":74,"column":3}},"37":{"start":{"line":69,"column":19},"end":{"line":69,"column":71}},"38":{"start":{"line":70,"column":4},"end":{"line":70,"column":21}},"39":{"start":{"line":72,"column":4},"end":{"line":72,"column":23}},"40":{"start":{"line":73,"column":4},"end":{"line":73,"column":14}},"41":{"start":{"line":77,"column":16},"end":{"line":77,"column":24}},"42":{"start":{"line":78,"column":0},"end":{"line":101,"column":3}},"43":{"start":{"line":79,"column":2},"end":{"line":100,"column":3}},"44":{"start":{"line":80,"column":17},"end":{"line":84,"column":6}},"45":{"start":{"line":85,"column":21},"end":{"line":85,"column":56}},"46":{"start":{"line":86,"column":4},"end":{"line":95,"column":5}},"47":{"start":{"line":87,"column":21},"end":{"line":93,"column":7}},"48":{"start":{"line":89,"column":10},"end":{"line":91,"column":13}},"49":{"start":{"line":94,"column":6},"end":{"line":94,"column":54}},"50":{"start":{"line":94,"column":47},"end":{"line":94,"column":51}},"51":{"start":{"line":96,"column":4},"end":{"line":96,"column":22}},"52":{"start":{"line":98,"column":4},"end":{"line":98,"column":23}},"53":{"start":{"line":99,"column":4},"end":{"line":99,"column":14}},"54":{"start":{"line":103,"column":0},"end":{"line":103,"column":24}}},"fnMap":{"0":{"name":"(anonymous_0)","decl":{"start":{"line":20,"column":4},"end":{"line":20,"column":5}},"loc":{"start":{"line":20,"column":31},"end":{"line":22,"column":5}},"line":20},"1":{"name":"(anonymous_1)","decl":{"start":{"line":23,"column":4},"end":{"line":23,"column":5}},"loc":{"start":{"line":23,"column":28},"end":{"line":26,"column":5}},"line":23},"2":{"name":"(anonymous_2)","decl":{"start":{"line":31,"column":54},"end":{"line":31,"column":55}},"loc":{"start":{"line":31,"column":68},"end":{"line":33,"column":1}},"line":31},"3":{"name":"(anonymous_3)","decl":{"start":{"line":37,"column":20},"end":{"line":37,"column":21}},"loc":{"start":{"line":37,"column":46},"end":{"line":51,"column":3}},"line":37},"4":{"name":"(anonymous_4)","decl":{"start":{"line":52,"column":22},"end":{"line":52,"column":23}},"loc":{"start":{"line":52,"column":48},"end":{"line":65,"column":3}},"line":52},"5":{"name":"(anonymous_5)","decl":{"start":{"line":67,"column":41},"end":{"line":67,"column":42}},"loc":{"start":{"line":67,"column":67},"end":{"line":75,"column":1}},"line":67},"6":{"name":"(anonymous_6)","decl":{"start":{"line":78,"column":45},"end":{"line":78,"column":46}},"loc":{"start":{"line":78,"column":71},"end":{"line":101,"column":1}},"line":78},"7":{"name":"(anonymous_7)","decl":{"start":{"line":88,"column":21},"end":{"line":88,"column":22}},"loc":{"start":{"line":88,"column":30},"end":{"line":92,"column":9}},"line":88},"8":{"name":"(anonymous_8)","decl":{"start":{"line":94,"column":40},"end":{"line":94,"column":41}},"loc":{"start":{"line":94,"column":47},"end":{"line":94,"column":51}},"line":94}},"branchMap":{"0":{"loc":{"start":{"line":40,"column":6},"end":{"line":46,"column":7}},"type":"if","locations":[{"start":{"line":40,"column":6},"end":{"line":46,"column":7}},{"start":{"line":40,"column":6},"end":{"line":46,"column":7}}],"line":40},"1":{"loc":{"start":{"line":55,"column":6},"end":{"line":60,"column":7}},"type":"if","locations":[{"start":{"line":55,"column":6},"end":{"line":60,"column":7}},{"start":{"line":55,"column":6},"end":{"line":60,"column":7}}],"line":55},"2":{"loc":{"start":{"line":86,"column":4},"end":{"line":95,"column":5}},"type":"if","locations":[{"start":{"line":86,"column":4},"end":{"line":95,"column":5}},{"start":{"line":86,"column":4},"end":{"line":95,"column":5}}],"line":86}},"s":{"0":2,"1":2,"2":2,"3":2,"4":2,"5":2,"6":2,"7":2,"8":2,"9":0,"10":0,"11":2,"12":0,"13":0,"14":0,"15":2,"16":0,"17":2,"18":0,"19":0,"20":0,"21":0,"22":0,"23":0,"24":0,"25":0,"26":0,"27":0,"28":0,"29":0,"30":0,"31":0,"32":0,"33":0,"34":0,"35":2,"36":0,"37":0,"38":0,"39":0,"40":0,"41":2,"42":2,"43":0,"44":0,"45":0,"46":0,"47":0,"48":0,"49":0,"50":0,"51":0,"52":0,"53":0,"54":2},"f":{"0":0,"1":0,"2":0,"3":0,"4":0,"5":0,"6":0,"7":0,"8":0},"b":{"0":[0,0],"1":[0,0],"2":[0,0]},"_coverageSchema":"1a1c01bbd47fc00a2c39e90264f33305004495a9","hash":"22268f844ad62e19a420d1e702b01ed6bf778b65"}
,"/Users/leekijung/likelion9th/nodejs/9.js/routes/user.js": {"path":"/Users/leekijung/likelion9th/nodejs/9.js/routes/user.js","statementMap":{"0":{"start":{"line":1,"column":16},"end":{"line":1,"column":34}},"1":{"start":{"line":2,"column":23},"end":{"line":2,"column":47}},"2":{"start":{"line":7,"column":4},"end":{"line":7,"column":34}},"3":{"start":{"line":9,"column":15},"end":{"line":9,"column":31}},"4":{"start":{"line":11,"column":0},"end":{"line":11,"column":53}},"5":{"start":{"line":12,"column":0},"end":{"line":12,"column":58}},"6":{"start":{"line":13,"column":0},"end":{"line":13,"column":48}},"7":{"start":{"line":15,"column":0},"end":{"line":15,"column":24}}},"fnMap":{},"branchMap":{},"s":{"0":2,"1":2,"2":2,"3":2,"4":2,"5":2,"6":2,"7":2},"f":{},"b":{},"_coverageSchema":"1a1c01bbd47fc00a2c39e90264f33305004495a9","hash":"d0f70eb61d6d3c1e0c1fca92c584727f6c928c30"}
}
