TN:
SF:app.js
FN:29,(anonymous_0)
FN:32,(anonymous_1)
FN:62,(anonymous_2)
FN:68,(anonymous_3)
FNF:4
FNH:1
FNDA:2,(anonymous_0)
FNDA:0,(anonymous_1)
FNDA:0,(anonymous_2)
FNDA:0,(anonymous_3)
DA:1,2
DA:2,2
DA:3,2
DA:4,2
DA:5,2
DA:6,2
DA:7,2
DA:8,2
DA:9,2
DA:11,2
DA:12,2
DA:13,2
DA:14,2
DA:15,2
DA:16,2
DA:18,2
DA:19,2
DA:20,2
DA:21,2
DA:22,2
DA:27,2
DA:30,2
DA:33,0
DA:36,2
DA:37,2
DA:38,2
DA:39,2
DA:40,2
DA:41,2
DA:42,2
DA:54,2
DA:55,2
DA:57,2
DA:58,2
DA:59,2
DA:60,2
DA:62,2
DA:63,0
DA:64,0
DA:65,0
DA:68,2
DA:69,0
DA:70,0
DA:71,0
DA:72,0
DA:75,2
LF:46
LH:38
BRDA:20,0,0,2
BRDA:20,0,1,2
BRDA:70,1,0,0
BRDA:70,1,1,0
BRDA:71,2,0,0
BRDA:71,2,1,0
BRF:6
BRH:2
end_of_record
TN:
SF:controllers/user.js
FN:3,(anonymous_0)
FN:19,(anonymous_1)
FN:35,(anonymous_2)
FNF:3
FNH:3
FNDA:3,(anonymous_0)
FNDA:3,(anonymous_1)
FNDA:2,(anonymous_2)
DA:1,3
DA:3,3
DA:4,3
DA:5,3
DA:7,2
DA:8,1
DA:9,1
DA:11,1
DA:14,1
DA:15,1
DA:19,3
DA:20,3
DA:21,3
DA:23,2
DA:24,1
DA:25,1
DA:27,1
DA:30,1
DA:31,1
DA:35,3
DA:36,2
DA:37,2
DA:41,1
DA:43,1
DA:44,1
LF:25
LH:25
BRDA:7,0,0,1
BRDA:7,0,1,1
BRDA:23,1,0,1
BRDA:23,1,1,1
BRF:4
BRH:4
end_of_record
TN:
SF:models/hashtag.js
FN:4,(anonymous_0)
FN:26,(anonymous_1)
FNF:2
FNH:2
FNDA:3,(anonymous_0)
FNDA:3,(anonymous_1)
DA:1,3
DA:3,3
DA:5,3
DA:27,3
LF:4
LH:4
BRF:0
BRH:0
end_of_record
TN:
SF:models/index.js
FNF:0
FNH:0
DA:1,2
DA:2,2
DA:3,2
DA:4,2
DA:6,2
DA:7,2
DA:8,2
DA:10,2
DA:17,2
DA:18,2
DA:19,2
DA:20,2
DA:22,2
DA:23,2
DA:24,2
DA:26,2
DA:27,2
DA:28,2
DA:30,2
LF:19
LH:19
BRDA:6,0,0,2
BRDA:6,0,1,0
BRF:2
BRH:1
end_of_record
TN:
SF:models/post.js
FN:4,(anonymous_0)
FN:29,(anonymous_1)
FNF:2
FNH:2
FNDA:3,(anonymous_0)
FNDA:3,(anonymous_1)
DA:1,3
DA:3,3
DA:5,3
DA:30,3
DA:31,3
DA:32,3
LF:6
LH:6
BRF:0
BRH:0
end_of_record
TN:
SF:models/user.js
FN:4,(anonymous_0)
FN:43,(anonymous_1)
FNF:2
FNH:2
FNDA:3,(anonymous_0)
FNDA:3,(anonymous_1)
DA:1,4
DA:3,4
DA:5,3
DA:44,3
DA:45,3
DA:50,3
DA:55,3
LF:7
LH:7
BRF:0
BRH:0
end_of_record
TN:
SF:passport/index.js
FN:9,(anonymous_0)
FN:10,(anonymous_1)
FN:15,(anonymous_2)
FN:35,(anonymous_3)
FN:40,(anonymous_4)
FNF:5
FNH:4
FNDA:2,(anonymous_0)
FNDA:4,(anonymous_1)
FNDA:5,(anonymous_2)
FNDA:2,(anonymous_3)
FNDA:0,(anonymous_4)
DA:1,2
DA:2,2
DA:3,2
DA:4,2
DA:6,2
DA:7,2
DA:9,2
DA:10,2
DA:12,4
DA:15,2
DA:17,5
DA:18,5
DA:19,5
DA:20,2
DA:36,2
DA:37,2
DA:38,2
DA:40,0
DA:42,3
DA:46,2
DA:47,2
LF:21
LH:20
BRDA:19,0,0,2
BRDA:19,0,1,3
BRDA:19,1,0,5
BRDA:19,1,1,3
BRDA:19,1,2,3
BRF:5
BRH:5
end_of_record
TN:
SF:passport/kakaoStrategy.js
FN:6,(anonymous_0)
FN:13,(anonymous_1)
FNF:2
FNH:1
FNDA:2,(anonymous_0)
FNDA:0,(anonymous_1)
DA:1,2
DA:2,2
DA:4,2
DA:6,2
DA:7,2
DA:14,0
DA:15,0
DA:16,0
DA:19,0
DA:20,0
DA:22,0
DA:28,0
DA:31,0
DA:32,0
LF:14
LH:5
BRDA:19,0,0,0
BRDA:19,0,1,0
BRDA:23,1,0,0
BRDA:23,1,1,0
BRF:4
BRH:0
end_of_record
TN:
SF:passport/localStrategy.js
FN:7,(anonymous_0)
FN:14,(anonymous_1)
FNF:2
FNH:2
FNDA:2,(anonymous_0)
FNDA:6,(anonymous_1)
DA:1,2
DA:2,2
DA:3,2
DA:5,2
DA:7,2
DA:8,2
DA:15,6
DA:16,6
DA:17,6
DA:18,5
DA:19,5
DA:20,4
DA:22,1
DA:25,1
DA:28,0
DA:29,0
LF:16
LH:14
BRDA:17,0,0,5
BRDA:17,0,1,1
BRDA:19,1,0,4
BRDA:19,1,1,1
BRF:4
BRH:4
end_of_record
TN:
SF:routes/auth.js
FN:9,(anonymous_0)
FN:25,(anonymous_1)
FN:26,(anonymous_2)
FN:34,(anonymous_3)
FN:44,(anonymous_4)
FN:45,(anonymous_5)
FN:57,(anonymous_6)
FNF:7
FNH:6
FNDA:1,(anonymous_0)
FNDA:6,(anonymous_1)
FNDA:6,(anonymous_2)
FNDA:4,(anonymous_3)
FNDA:1,(anonymous_4)
FNDA:1,(anonymous_5)
FNDA:0,(anonymous_6)
DA:1,2
DA:2,2
DA:3,2
DA:4,2
DA:5,2
DA:7,2
DA:9,2
DA:10,1
DA:11,1
DA:12,1
DA:13,1
DA:14,0
DA:16,1
DA:17,1
DA:18,1
DA:20,0
DA:21,0
DA:25,2
DA:26,6
DA:27,6
DA:28,0
DA:29,0
DA:31,6
DA:32,2
DA:34,4
DA:35,4
DA:36,0
DA:37,0
DA:39,4
DA:44,2
DA:45,1
DA:46,1
DA:47,1
DA:51,2
DA:52,2
DA:58,0
DA:62,2
LF:37
LH:29
BRDA:13,0,0,0
BRDA:13,0,1,1
BRDA:27,1,0,0
BRDA:27,1,1,6
BRDA:31,2,0,2
BRDA:31,2,1,4
BRDA:35,3,0,0
BRDA:35,3,1,4
BRF:8
BRH:5
end_of_record
TN:
SF:routes/middlewares.js
FN:1,(anonymous_0)
FN:9,(anonymous_1)
FNF:2
FNH:2
FNDA:10,(anonymous_0)
FNDA:13,(anonymous_1)
DA:1,3
DA:2,10
DA:3,3
DA:5,7
DA:9,3
DA:10,13
DA:11,9
DA:13,4
DA:14,4
LF:9
LH:9
BRDA:2,0,0,3
BRDA:2,0,1,7
BRDA:10,1,0,9
BRDA:10,1,1,4
BRF:4
BRH:4
end_of_record
TN:
SF:routes/page.js
FN:7,(anonymous_0)
FN:12,(anonymous_1)
FN:17,(anonymous_2)
FN:21,(anonymous_3)
FN:25,(anonymous_4)
FN:42,(anonymous_5)
FN:45,(anonymous_6)
FN:56,(anonymous_7)
FNF:8
FNH:5
FNDA:6,(anonymous_0)
FNDA:0,(anonymous_1)
FNDA:1,(anonymous_2)
FNDA:1,(anonymous_3)
FNDA:1,(anonymous_4)
FNDA:0,(anonymous_5)
FNDA:0,(anonymous_6)
FNDA:2,(anonymous_7)
DA:1,2
DA:2,2
DA:3,2
DA:5,2
DA:7,2
DA:8,6
DA:9,6
DA:10,6
DA:11,6
DA:12,0
DA:14,6
DA:17,2
DA:18,1
DA:21,2
DA:22,1
DA:25,2
DA:26,1
DA:27,1
DA:42,1
DA:43,0
DA:44,0
DA:45,0
DA:49,1
DA:51,0
DA:52,0
DA:56,2
DA:57,2
DA:58,2
DA:59,1
DA:61,1
DA:62,1
DA:63,1
DA:64,1
DA:65,0
DA:74,1
DA:76,0
DA:77,0
DA:81,2
LF:38
LH:29
BRDA:9,0,0,1
BRDA:9,0,1,5
BRDA:10,1,0,1
BRDA:10,1,1,5
BRDA:11,2,0,1
BRDA:11,2,1,5
BRDA:44,3,0,0
BRDA:44,3,1,0
BRDA:58,4,0,1
BRDA:58,4,1,1
BRDA:64,5,0,0
BRDA:64,5,1,1
BRF:12
BRH:9
end_of_record
TN:
SF:routes/post.js
FN:20,(anonymous_0)
FN:23,(anonymous_1)
FN:31,(anonymous_2)
FN:37,(anonymous_3)
FN:52,(anonymous_4)
FN:67,(anonymous_5)
FN:78,(anonymous_6)
FN:88,(anonymous_7)
FN:94,(anonymous_8)
FNF:9
FNH:0
FNDA:0,(anonymous_0)
FNDA:0,(anonymous_1)
FNDA:0,(anonymous_2)
FNDA:0,(anonymous_3)
FNDA:0,(anonymous_4)
FNDA:0,(anonymous_5)
FNDA:0,(anonymous_6)
FNDA:0,(anonymous_7)
FNDA:0,(anonymous_8)
DA:1,2
DA:2,2
DA:3,2
DA:4,2
DA:6,2
DA:7,2
DA:9,2
DA:11,2
DA:12,2
DA:14,0
DA:15,0
DA:18,2
DA:21,0
DA:24,0
DA:25,0
DA:31,2
DA:32,0
DA:35,2
DA:38,0
DA:39,0
DA:40,0
DA:41,0
DA:42,0
DA:43,0
DA:45,0
DA:48,0
DA:49,0
DA:53,0
DA:54,0
DA:55,0
DA:56,0
DA:57,0
DA:59,0
DA:62,0
DA:63,0
DA:67,2
DA:68,0
DA:69,0
DA:70,0
DA:72,0
DA:73,0
DA:77,2
DA:78,2
DA:79,0
DA:80,0
DA:85,0
DA:86,0
DA:87,0
DA:89,0
DA:94,0
DA:96,0
DA:98,0
DA:99,0
DA:103,2
LF:54
LH:16
BRDA:40,0,0,0
BRDA:40,0,1,0
BRDA:55,1,0,0
BRDA:55,1,1,0
BRDA:86,2,0,0
BRDA:86,2,1,0
BRF:6
BRH:0
end_of_record
TN:
SF:routes/user.js
FNF:0
FNH:0
DA:1,2
DA:2,2
DA:7,2
DA:9,2
DA:11,2
DA:12,2
DA:13,2
DA:15,2
LF:8
LH:8
BRF:0
BRH:0
end_of_record
