TN:
SF:controllers/user.js
FN:3,(anonymous_0)
FN:19,(anonymous_1)
FN:35,(anonymous_2)
FNF:3
FNH:3
FNDA:3,(anonymous_0)
FNDA:3,(anonymous_1)
FNDA:2,(anonymous_2)
DA:1,1
DA:3,1
DA:4,3
DA:5,3
DA:7,2
DA:8,1
DA:9,1
DA:11,1
DA:14,1
DA:15,1
DA:19,1
DA:20,3
DA:21,3
DA:23,2
DA:24,1
DA:25,1
DA:27,1
DA:30,1
DA:31,1
DA:35,1
DA:36,2
DA:37,2
DA:41,1
DA:43,1
DA:44,1
LF:25
LH:25
BRDA:7,0,0,1
BRDA:7,0,1,1
BRDA:23,1,0,1
BRDA:23,1,1,1
BRF:4
BRH:4
end_of_record
TN:
SF:models/user.js
FN:4,(anonymous_0)
FN:43,(anonymous_1)
FNF:2
FNH:2
FNDA:1,(anonymous_0)
FNDA:1,(anonymous_1)
DA:1,2
DA:3,2
DA:5,1
DA:44,1
DA:45,1
DA:50,1
DA:55,1
LF:7
LH:7
BRF:0
BRH:0
end_of_record
TN:
SF:routes/middlewares.js
FN:1,(anonymous_0)
FN:9,(anonymous_1)
FNF:2
FNH:2
FNDA:2,(anonymous_0)
FNDA:2,(anonymous_1)
DA:1,1
DA:2,2
DA:3,1
DA:5,1
DA:9,1
DA:10,2
DA:11,1
DA:13,1
DA:14,1
LF:9
LH:9
BRDA:2,0,0,1
BRDA:2,0,1,1
BRDA:10,1,0,1
BRDA:10,1,1,1
BRF:4
BRH:4
end_of_record
